<?xml version="1.0" encoding="UTF-8"?>
<!-- Generated by org.testng.reporters.JUnitReportReporter -->
<testsuite hostname="Etienne" failures="0" tests="6" name="api.test.DataDrivenTests" time="5.525" errors="0" timestamp="2024-12-12T12:29:28 CET" skipped="0">
  <testcase classname="api.test.DataDrivenTests" name="testPostUser" time="0.653"/>
  <testcase classname="api.test.DataDrivenTests" name="testPostUser" time="2.456"/>
  <testcase classname="api.test.DataDrivenTests" name="testPostUser" time="0.728"/>
  <testcase classname="api.test.DataDrivenTests" name="deleteUserByUsername" time="0.604"/>
  <testcase classname="api.test.DataDrivenTests" name="deleteUserByUsername" time="0.551"/>
  <testcase classname="api.test.DataDrivenTests" name="deleteUserByUsername" time="0.533"/>
</testsuite> <!-- api.test.DataDrivenTests -->
