<?xml version="1.0" encoding="UTF-8"?>
<!-- Generated by org.testng.reporters.JUnitReportReporter -->
<testsuite hostname="Etienne" failures="0" tests="4" name="api.test.UserTests" time="6.464" errors="0" timestamp="2024-12-12T15:50:56 CET" skipped="0">
  <testcase classname="api.test.UserTests" name="testPostUser" time="2.781"/>
  <testcase classname="api.test.UserTests" name="testGetUserByUsername" time="1.204"/>
  <testcase classname="api.test.UserTests" name="testUpdateUserByUsername" time="1.618"/>
  <testcase classname="api.test.UserTests" name="testDeleteUserByUsername" time="0.861"/>
</testsuite> <!-- api.test.UserTests -->
